<?xml version="1.0" encoding="UTF-8"?>
<!-- Generated by org.testng.reporters.JUnitReportReporter -->
<testsuite skipped="0" hostname="DESKTOP-MQ0KG7U" name="test.AddCategory_TestPage" tests="1" failures="0" timestamp="2021-09-04T13:45:55 CDT" time="10.348" errors="0">
  <testcase name="AddCategory" time="10.348" classname="test.AddCategory_TestPage"/>
  <system-out/>
</testsuite> <!-- test.AddCategory_TestPage -->
